<?xml version="1.0" encoding="UTF-8" ?>
<testsuite tests="2" failures="1" name="RestClientLibraryTest" time="0.891" errors="0" skipped="0">
  <properties>
[...]
</properties>
  <testcase classname="RestClientLibraryTest" name="addNewBookTest" time="0.842"/>
  <testcase classname="RestClientLibraryTest" name="getAllBooksTest" time="0.049">
    <failure message="expected [[{&quot;author&quot;:&quot;Doil&quot;,&quot;bookNo&quot;:&quot;1&quot;,&quot;genre&quot;:&quot;ROMANCE&quot;,&quot;name&quot;:&quot;Sherlock&quot;},{&quot;author&quot;:&quot;Djordan&quot;,&quot;bookNo&quot;:&quot;2&quot;,&quot;genre&quot;:&quot;FANTASY&quot;,&quot;name&quot;:&quot;WheelOfTime&quot;},{&quot;author&quot;:&quot;Brown&quot;,&quot;bookNo&quot;:&quot;3&quot;,&quot;genre&quot;:&quot;FANTASY&quot;,&quot;name&quot;:&quot;Inferno&quot;}]] but found [[{&quot;author&quot;:&quot;Doil&quot;,&quot;bookNo&quot;:&quot;1&quot;,&quot;genre&quot;:&quot;ROMANCE&quot;,&quot;name&quot;:&quot;Sherlock&quot;},{&quot;author&quot;:&quot;Djordan&quot;,&quot;bookNo&quot;:&quot;2&quot;,&quot;genre&quot;:&quot;FANTASY&quot;,&quot;name&quot;:&quot;WheelOfTime&quot;},{&quot;author&quot;:&quot;Brown&quot;,&quot;bookNo&quot;:&quot;3&quot;,&quot;genre&quot;:&quot;FANTASY&quot;,&quot;name&quot;:&quot;Inferno&quot;},{&quot;author&quot;:&quot;King&quot;,&quot;bookNo&quot;:&quot;4&quot;,&quot;genre&quot;:&quot;COMEDY&quot;,&quot;name&quot;:&quot;Jaws&quot;}]]" type="java.lang.AssertionError">java.lang.AssertionError: expected [[{&quot;author&quot;:&quot;Doil&quot;,&quot;bookNo&quot;:&quot;1&quot;,&quot;genre&quot;:&quot;ROMANCE&quot;,&quot;name&quot;:&quot;Sherlock&quot;},{&quot;author&quot;:&quot;Djordan&quot;,&quot;bookNo&quot;:&quot;2&quot;,&quot;genre&quot;:&quot;FANTASY&quot;,&quot;name&quot;:&quot;WheelOfTime&quot;},{&quot;author&quot;:&quot;Brown&quot;,&quot;bookNo&quot;:&quot;3&quot;,&quot;genre&quot;:&quot;FANTASY&quot;,&quot;name&quot;:&quot;Inferno&quot;}]] but found [[{&quot;author&quot;:&quot;Doil&quot;,&quot;bookNo&quot;:&quot;1&quot;,&quot;genre&quot;:&quot;ROMANCE&quot;,&quot;name&quot;:&quot;Sherlock&quot;},{&quot;author&quot;:&quot;Djordan&quot;,&quot;bookNo&quot;:&quot;2&quot;,&quot;genre&quot;:&quot;FANTASY&quot;,&quot;name&quot;:&quot;WheelOfTime&quot;},{&quot;author&quot;:&quot;Brown&quot;,&quot;bookNo&quot;:&quot;3&quot;,&quot;genre&quot;:&quot;FANTASY&quot;,&quot;name&quot;:&quot;Inferno&quot;},{&quot;author&quot;:&quot;King&quot;,&quot;bookNo&quot;:&quot;4&quot;,&quot;genre&quot;:&quot;COMEDY&quot;,&quot;name&quot;:&quot;Jaws&quot;}]]
	at org.testng.Assert.fail(Assert.java:93)
	at org.testng.Assert.failNotEquals(Assert.java:512)
	at org.testng.Assert.assertEqualsImpl(Assert.java:134)
	at org.testng.Assert.assertEquals(Assert.java:115)
	at org.testng.Assert.assertEquals(Assert.java:189)
	at org.testng.Assert.assertEquals(Assert.java:199)
	at RestClientLibraryTest.getAllBooksTest(RestClientLibraryTest.java:20)
</failure>
  </testcase>
</testsuite>