<?xml version="1.0" encoding="UTF-8"?>
<testsuite name="test web services"
           tests="5"
           failures="0"
           errors="0"
           skipped="0"
           time="0.324">
  <properties />
  
  
            <testcase name="getBooksByAuthorTest" time="0.000" classname="SoapLibraryClientTest" />
                <testcase name="addNewBookTest" time="0.003" classname="SoapLibraryClientTest" />
                <testcase name="getAllBooksTest" time="0.298" classname="SoapLibraryClientTest" />
                <testcase name="deleteBookTest" time="0.000" classname="SoapLibraryClientTest" />
                <testcase name="updateBookTest" time="0.023" classname="SoapLibraryClientTest" />
      
</testsuite>
